<?xml version="1.0" encoding="UTF-8"?>
<!-- Generated by org.testng.reporters.JUnitXMLReporter -->
<testsuite hostname="DEL1-DHP-27558" ignored="0" name="Run in FireFox" tests="6" failures="0" timestamp="03 Mar 2017 14:44:49 GMT" time="34.597" errors="0">
  <testcase name="openURL" time="1.544" classname="testCases.TestCases"/>
  <testcase name="checklanguage" time="0.74" classname="testCases.TestCases"/>
  <testcase name="testloginInvalid" time="1.963" classname="testCases.TestCases"/>
  <testcase name="testloginValid" time="8.102" classname="testCases.TestCases"/>
  <testcase name="advancedSearch" time="6.101" classname="testCases.TestCases"/>
  <testcase name="logOut" time="3.782" classname="testCases.TestCases"/>
</testsuite> <!-- Run in FireFox -->
