<?xml version="1.0" encoding="UTF-8"?>
<!-- Generated by org.testng.reporters.JUnitXMLReporter -->
<testsuite hostname="DEL1-DHP-27558" ignored="0" name="Run in Chrome" tests="6" failures="0" timestamp="03 Mar 2017 14:34:03 GMT" time="27.784" errors="0">
  <testcase name="openURL" time="3.038" classname="testCases.TestCases"/>
  <testcase name="checklanguage" time="0.701" classname="testCases.TestCases"/>
  <testcase name="testloginInvalid" time="1.665" classname="testCases.TestCases"/>
  <testcase name="testloginValid" time="8.554" classname="testCases.TestCases"/>
  <testcase name="advancedSearch" time="4.386" classname="testCases.TestCases"/>
  <testcase name="logOut" time="1.106" classname="testCases.TestCases"/>
</testsuite> <!-- Run in Chrome -->
