<?xml version="1.0" encoding="UTF-8"?>
<testng-results skipped="0" failed="0" ignored="0" total="0" passed="0">
  <reporter-output>
  </reporter-output>
  <suite name="Test suite" duration-ms="6" started-at="2017-07-12T19:06:18Z" finished-at="2017-07-12T19:06:18Z">
    <groups>
    </groups>
    <test name="Run in FireFox" duration-ms="6" started-at="2017-07-12T19:06:18Z" finished-at="2017-07-12T19:06:18Z">
    </test> <!-- Run in FireFox -->
  </suite> <!-- Test suite -->
</testng-results>
