<?xml version="1.0" encoding="UTF-8"?>
<testng-results skipped="0" failed="0" ignored="0" total="6" passed="6">
  <reporter-output>
  </reporter-output>
  <suite name="Test suite" duration-ms="34597" started-at="2017-03-03T14:44:14Z" finished-at="2017-03-03T14:44:49Z">
    <groups>
    </groups>
    <test name="Run in FireFox" duration-ms="34597" started-at="2017-03-03T14:44:14Z" finished-at="2017-03-03T14:44:49Z">
      <class name="testCases.TestCases">
        <test-method status="PASS" signature="setup(java.lang.String)[pri:0, instance:testCases.TestCases@66a3ffec]" name="setup" is-config="true" duration-ms="8454" started-at="2017-03-03T20:14:14Z" finished-at="2017-03-03T20:14:23Z">
          <params>
            <param index="0">
              <value>
                <![CDATA[Firefox]]>
              </value>
            </param>
          </params>
          <reporter-output>
          </reporter-output>
        </test-method> <!-- setup -->
        <test-method status="PASS" signature="openURL()[pri:0, instance:testCases.TestCases@66a3ffec]" name="openURL" duration-ms="1544" started-at="2017-03-03T20:14:23Z" finished-at="2017-03-03T20:14:24Z">
          <reporter-output>
          </reporter-output>
        </test-method> <!-- openURL -->
        <test-method status="PASS" signature="tearDown(org.testng.ITestResult)[pri:0, instance:testCases.TestCases@66a3ffec]" name="tearDown" is-config="true" duration-ms="25" started-at="2017-03-03T20:14:24Z" finished-at="2017-03-03T20:14:24Z">
          <params>
            <param index="0">
              <value>
                <![CDATA[[TestResult name=openURL status=SUCCESS method=TestCases.openURL()[pri:0, instance:testCases.TestCases@66a3ffec] output={null}]]]>
              </value>
            </param>
          </params>
          <reporter-output>
          </reporter-output>
        </test-method> <!-- tearDown -->
        <test-method status="PASS" signature="checklanguage()[pri:1, instance:testCases.TestCases@66a3ffec]" name="checklanguage" duration-ms="740" started-at="2017-03-03T20:14:24Z" finished-at="2017-03-03T20:14:25Z">
          <reporter-output>
          </reporter-output>
        </test-method> <!-- checklanguage -->
        <test-method status="PASS" signature="tearDown(org.testng.ITestResult)[pri:0, instance:testCases.TestCases@66a3ffec]" name="tearDown" is-config="true" duration-ms="16" started-at="2017-03-03T20:14:25Z" finished-at="2017-03-03T20:14:25Z">
          <params>
            <param index="0">
              <value>
                <![CDATA[[TestResult name=checklanguage status=SUCCESS method=TestCases.checklanguage()[pri:1, instance:testCases.TestCases@66a3ffec] output={null}]]]>
              </value>
            </param>
          </params>
          <reporter-output>
          </reporter-output>
        </test-method> <!-- tearDown -->
        <test-method status="PASS" signature="testloginInvalid(java.lang.String, java.lang.String)[pri:2, instance:testCases.TestCases@66a3ffec]" name="testloginInvalid" duration-ms="1963" started-at="2017-03-03T20:14:26Z" data-provider="Authentication_invalid" finished-at="2017-03-03T20:14:28Z">
          <params>
            <param index="0">
              <value>
                <![CDATA[invalid]]>
              </value>
            </param>
            <param index="1">
              <value>
                <![CDATA[no]]>
              </value>
            </param>
          </params>
          <reporter-output>
          </reporter-output>
        </test-method> <!-- testloginInvalid -->
        <test-method status="PASS" signature="tearDown(org.testng.ITestResult)[pri:0, instance:testCases.TestCases@66a3ffec]" name="tearDown" is-config="true" duration-ms="14" started-at="2017-03-03T20:14:28Z" finished-at="2017-03-03T20:14:28Z">
          <params>
            <param index="0">
              <value>
                <![CDATA[[TestResult name=testloginInvalid status=SUCCESS method=TestCases.testloginInvalid(java.lang.String, java.lang.String)[pri:2, instance:testCases.TestCases@66a3ffec] output={null}]]]>
              </value>
            </param>
          </params>
          <reporter-output>
          </reporter-output>
        </test-method> <!-- tearDown -->
        <test-method status="PASS" signature="testloginValid(java.lang.String, java.lang.String)[pri:3, instance:testCases.TestCases@66a3ffec]" name="testloginValid" duration-ms="8102" started-at="2017-03-03T20:14:28Z" data-provider="Authentication_valid" finished-at="2017-03-03T20:14:36Z">
          <params>
            <param index="0">
              <value>
                <![CDATA[nitesh.xy@gmail.com]]>
              </value>
            </param>
            <param index="1">
              <value>
                <![CDATA[23253374414]]>
              </value>
            </param>
          </params>
          <reporter-output>
          </reporter-output>
        </test-method> <!-- testloginValid -->
        <test-method status="PASS" signature="tearDown(org.testng.ITestResult)[pri:0, instance:testCases.TestCases@66a3ffec]" name="tearDown" is-config="true" duration-ms="11" started-at="2017-03-03T20:14:36Z" finished-at="2017-03-03T20:14:36Z">
          <params>
            <param index="0">
              <value>
                <![CDATA[[TestResult name=testloginValid status=SUCCESS method=TestCases.testloginValid(java.lang.String, java.lang.String)[pri:3, instance:testCases.TestCases@66a3ffec] output={null}]]]>
              </value>
            </param>
          </params>
          <reporter-output>
          </reporter-output>
        </test-method> <!-- tearDown -->
        <test-method status="PASS" signature="advancedSearch(java.lang.String, java.lang.String)[pri:4, instance:testCases.TestCases@66a3ffec]" name="advancedSearch" duration-ms="6101" started-at="2017-03-03T20:14:36Z" data-provider="Authentication_valid" finished-at="2017-03-03T20:14:42Z">
          <params>
            <param index="0">
              <value>
                <![CDATA[nitesh.xy@gmail.com]]>
              </value>
            </param>
            <param index="1">
              <value>
                <![CDATA[23253374414]]>
              </value>
            </param>
          </params>
          <reporter-output>
          </reporter-output>
        </test-method> <!-- advancedSearch -->
        <test-method status="PASS" signature="tearDown(org.testng.ITestResult)[pri:0, instance:testCases.TestCases@66a3ffec]" name="tearDown" is-config="true" duration-ms="8" started-at="2017-03-03T20:14:42Z" finished-at="2017-03-03T20:14:42Z">
          <params>
            <param index="0">
              <value>
                <![CDATA[[TestResult name=advancedSearch status=SUCCESS method=TestCases.advancedSearch(java.lang.String, java.lang.String)[pri:4, instance:testCases.TestCases@66a3ffec] output={null}]]]>
              </value>
            </param>
          </params>
          <reporter-output>
          </reporter-output>
        </test-method> <!-- tearDown -->
        <test-method status="PASS" signature="logOut()[pri:5, instance:testCases.TestCases@66a3ffec]" name="logOut" duration-ms="3782" started-at="2017-03-03T20:14:42Z" finished-at="2017-03-03T20:14:46Z">
          <reporter-output>
          </reporter-output>
        </test-method> <!-- logOut -->
        <test-method status="PASS" signature="tearDown(org.testng.ITestResult)[pri:0, instance:testCases.TestCases@66a3ffec]" name="tearDown" is-config="true" duration-ms="7" started-at="2017-03-03T20:14:46Z" finished-at="2017-03-03T20:14:46Z">
          <params>
            <param index="0">
              <value>
                <![CDATA[[TestResult name=logOut status=SUCCESS method=TestCases.logOut()[pri:5, instance:testCases.TestCases@66a3ffec] output={null}]]]>
              </value>
            </param>
          </params>
          <reporter-output>
          </reporter-output>
        </test-method> <!-- tearDown -->
        <test-method status="PASS" signature="endTest()[pri:0, instance:testCases.TestCases@66a3ffec]" name="endTest" is-config="true" duration-ms="3023" started-at="2017-03-03T20:14:46Z" finished-at="2017-03-03T20:14:49Z">
          <reporter-output>
          </reporter-output>
        </test-method> <!-- endTest -->
      </class> <!-- testCases.TestCases -->
    </test> <!-- Run in FireFox -->
  </suite> <!-- Test suite -->
</testng-results>
